<?xml version="1.0" encoding="UTF-8"?>
<!-- Generated by org.testng.reporters.JUnitReportReporter -->
<testsuite hostname="DESKTOP-7I4A3G4" failures="0" tests="1" name="testpacks.TestOneSample" time="9.393" errors="0" timestamp="2023-03-27T16:58:31 CDT" skipped="0">
  <testcase classname="testpacks.TestOneSample" name="firstMeth" time="9.393"/>
  <system-out/>
</testsuite> <!-- testpacks.TestOneSample -->
