<?xml version="1.0" encoding="UTF-8"?>
<!-- Generated by org.testng.reporters.JUnitReportReporter -->
<testsuite hostname="DESKTOP-7I4A3G4" failures="0" tests="1" name="testpacks.Date" time="0.040" errors="0" timestamp="2023-03-27T17:03:55 CDT" skipped="0">
  <testcase classname="testpacks.Date" name="test" time="0.040"/>
  <system-out/>
</testsuite> <!-- testpacks.Date -->
