<?xml version="1.0" encoding="UTF-8"?>
<!-- Generated by org.testng.reporters.JUnitReportReporter -->
<testsuite hostname="DESKTOP-7I4A3G4" failures="0" tests="3" name="testpacks.DragAndDropActions" time="6.149" errors="0" timestamp="2023-03-27T17:01:40 CDT" skipped="0">
  <testcase classname="testpacks.DragAndDropActions" name="drag" time="2.882"/>
  <system-out/>
  <testcase classname="testpacks.DragAndDropActions" name="drags" time="1.984"/>
  <system-out/>
  <testcase classname="testpacks.DragAndDropActions" name="drag1" time="1.283"/>
  <system-out/>
</testsuite> <!-- testpacks.DragAndDropActions -->
