<?xml version="1.0" encoding="UTF-8"?>
<!-- Generated by org.testng.reporters.JUnitReportReporter -->
<testsuite hostname="DESKTOP-7I4A3G4" failures="0" tests="1" name="TestCalss" time="0.011" errors="0" timestamp="2023-03-16T15:24:44 CDT" skipped="0">
  <testcase classname="TestCalss" name="sample" time="0.011"/>
  <system-out/>
</testsuite> <!-- TestCalss -->
