<?xml version="1.0" encoding="UTF-8"?>
<!-- Generated by org.testng.reporters.JUnitReportReporter -->
<testsuite hostname="DESKTOP-7I4A3G4" failures="0" tests="1" name="testpacks.DragAndDrop" time="4.320" errors="0" timestamp="2023-04-19T11:47:46 CDT" skipped="0">
  <testcase classname="testpacks.DragAndDrop" name="dropdownsMethod" time="4.320"/>
  <system-out/>
</testsuite> <!-- testpacks.DragAndDrop -->
