<?xml version="1.0" encoding="UTF-8"?>
<!-- Generated by org.testng.reporters.JUnitReportReporter -->
<testsuite hostname="DESKTOP-7I4A3G4" failures="0" tests="2" name="testpacks.DragAndDropActions" time="4.616" errors="0" timestamp="2023-04-19T17:09:14 CDT" skipped="0">
  <testcase classname="testpacks.DragAndDropActions" name="drag" time="2.796"/>
  <system-out/>
  <testcase classname="testpacks.DragAndDropActions" name="drags" time="1.820"/>
  <system-out/>
</testsuite> <!-- testpacks.DragAndDropActions -->
